[01m[K/Projects/ros2_workspace/ros2_starting-project/src/ros2_ex_cpp/src/simple_publisher.cpp:4:17:[m[K [01;35m[Kwarning: [m[Kextra tokens at end of #include directive
    4 | #include<chrono>[01;35m[K>[m[K
      |                 [01;35m[K^[m[K
[01m[K/Projects/ros2_workspace/ros2_starting-project/src/ros2_ex_cpp/src/simple_publisher.cpp:29:2:[m[K [01;31m[Kerror: [m[Kexpected â€˜[01m[K;[m[Kâ€™ after class definition
   29 | }
      |  [01;31m[K^[m[K
      |  [32m[K;[m[K
[01m[K/Projects/ros2_workspace/ros2_starting-project/src/ros2_ex_cpp/src/simple_publisher.cpp:[m[K In member function â€˜[01m[Kvoid SimplePublisher::[01;32m[Ktimercallback[m[K()[m[Kâ€™:
[01m[K/Projects/ros2_workspace/ros2_starting-project/src/ros2_ex_cpp/src/simple_publisher.cpp:21:61:[m[K [01;31m[Kerror: [m[Kâ€˜[01m[Kto_sting[m[Kâ€™ is not a member of â€˜[01m[Kstd[m[Kâ€™; did you mean â€˜[01m[Kto_string[m[Kâ€™?
   21 |             message.data = "Hello Ros 2 - counter: " + std::[01;31m[Kto_sting[m[K(counter_++)
      |                                                             [01;31m[K^~~~~~~~[m[K
      |                                                             [32m[Kto_string[m[K
gmake[2]: *** [CMakeFiles/simple_publisger.dir/build.make:76: CMakeFiles/simple_publisger.dir/src/simple_publisher.cpp.o] Error 1
gmake[1]: *** [CMakeFiles/Makefile2:137: CMakeFiles/simple_publisger.dir/all] Error 2
gmake: *** [Makefile:146: all] Error 2
