[0.015s] Invoking command in '/Projects/ros2_workspace/ros2_starting-project/build/ros2_ex_cpp': CMAKE_PREFIX_PATH=${CMAKE_PREFIX_PATH}:/opt/ros/jazzy /usr/bin/cmake --build /Projects/ros2_workspace/ros2_starting-project/build/ros2_ex_cpp -- -j8 -l8
[0.085s] [ 50%] [32mBuilding CXX object CMakeFiles/simple_publisger.dir/src/simple_publisher.cpp.o[0m
[0.488s] [01m[K/Projects/ros2_workspace/ros2_starting-project/src/ros2_ex_cpp/src/simple_publisher.cpp:4:17:[m[K [01;35m[Kwarning: [m[Kextra tokens at end of #include directive
[0.488s]     4 | #include<chrono>[01;35m[K>[m[K
[0.488s]       |                 [01;35m[K^[m[K
[2.708s] [01m[K/Projects/ros2_workspace/ros2_starting-project/src/ros2_ex_cpp/src/simple_publisher.cpp:29:2:[m[K [01;31m[Kerror: [m[Kexpected â€˜[01m[K;[m[Kâ€™ after class definition
[2.708s]    29 | }
[2.708s]       |  [01;31m[K^[m[K
[2.708s]       |  [32m[K;[m[K
[3.802s] gmake[2]: *** [CMakeFiles/simple_publisger.dir/build.make:76: CMakeFiles/simple_publisger.dir/src/simple_publisher.cpp.o] Error 1
[3.802s] gmake[1]: *** [CMakeFiles/Makefile2:137: CMakeFiles/simple_publisger.dir/all] Error 2
[3.802s] gmake: *** [Makefile:146: all] Error 2
[3.804s] Invoked command in '/Projects/ros2_workspace/ros2_starting-project/build/ros2_ex_cpp' returned '2': CMAKE_PREFIX_PATH=${CMAKE_PREFIX_PATH}:/opt/ros/jazzy /usr/bin/cmake --build /Projects/ros2_workspace/ros2_starting-project/build/ros2_ex_cpp -- -j8 -l8
